[debug] [2022-10-24T16:34:32.805Z] ----------------------------------------------------------------------
[debug] [2022-10-24T16:34:32.807Z] Command:       C:\Program Files\nodejs\node.exe C:\Users\golam\AppData\Roaming\npm\node_modules\firebase-tools\lib\bin\firebase.js deploy
[debug] [2022-10-24T16:34:32.808Z] CLI Version:   11.15.0
[debug] [2022-10-24T16:34:32.808Z] Platform:      win32
[debug] [2022-10-24T16:34:32.809Z] Node Version:  v18.9.0
[debug] [2022-10-24T16:34:32.810Z] Time:          Mon Oct 24 2022 22:34:32 GMT+0600 (Bangladesh Standard Time)
[debug] [2022-10-24T16:34:32.810Z] ----------------------------------------------------------------------
[debug] 
[debug] [2022-10-24T16:34:32.989Z] > command requires scopes: ["email","openid","https://www.googleapis.com/auth/cloudplatformprojects.readonly","https://www.googleapis.com/auth/firebase","https://www.googleapis.com/auth/cloud-platform"]
[debug] [2022-10-24T16:34:32.990Z] > authorizing via signed-in user (ghsoyad@gmail.com)
[debug] [2022-10-24T16:34:32.991Z] [iam] checking project bright-fort for permissions ["firebase.projects.get","firebasehosting.sites.update"]
[debug] [2022-10-24T16:34:32.997Z] >>> [apiv2][query] POST https://cloudresourcemanager.googleapis.com/v1/projects/bright-fort:testIamPermissions [none]
[debug] [2022-10-24T16:34:32.998Z] >>> [apiv2][(partial)header] POST https://cloudresourcemanager.googleapis.com/v1/projects/bright-fort:testIamPermissions x-goog-quota-user=projects/bright-fort
[debug] [2022-10-24T16:34:32.998Z] >>> [apiv2][body] POST https://cloudresourcemanager.googleapis.com/v1/projects/bright-fort:testIamPermissions {"permissions":["firebase.projects.get","firebasehosting.sites.update"]}
[debug] [2022-10-24T16:34:50.293Z] <<< [apiv2][status] POST https://cloudresourcemanager.googleapis.com/v1/projects/bright-fort:testIamPermissions 200
[debug] [2022-10-24T16:34:50.294Z] <<< [apiv2][body] POST https://cloudresourcemanager.googleapis.com/v1/projects/bright-fort:testIamPermissions {"permissions":["firebase.projects.get","firebasehosting.sites.update"]}
[debug] [2022-10-24T16:34:50.299Z] >>> [apiv2][query] GET https://firebase.googleapis.com/v1beta1/projects/bright-fort [none]
[debug] [2022-10-24T16:34:51.346Z] <<< [apiv2][status] GET https://firebase.googleapis.com/v1beta1/projects/bright-fort 200
[debug] [2022-10-24T16:34:51.347Z] <<< [apiv2][body] GET https://firebase.googleapis.com/v1beta1/projects/bright-fort {"projectId":"bright-fort","projectNumber":"288029510960","displayName":"bright-fort","name":"projects/bright-fort","resources":{"hostingSite":"bright-fort"},"state":"ACTIVE","etag":"1_6167fe1e-e222-4fa0-b7d5-0fc289072c0b"}
[info] 
[info] === Deploying to 'bright-fort'...
[info] 
[info] i  deploying hosting 
[debug] [2022-10-24T16:34:51.371Z] >>> [apiv2][query] POST https://firebasehosting.googleapis.com/v1beta1/projects/-/sites/bright-fort/versions [none]
[debug] [2022-10-24T16:34:51.372Z] >>> [apiv2][body] POST https://firebasehosting.googleapis.com/v1beta1/projects/-/sites/bright-fort/versions {"status":"CREATED","labels":{"deployment-tool":"cli-firebase"}}
[debug] [2022-10-24T16:34:53.329Z] <<< [apiv2][status] POST https://firebasehosting.googleapis.com/v1beta1/projects/-/sites/bright-fort/versions 200
[debug] [2022-10-24T16:34:53.329Z] <<< [apiv2][body] POST https://firebasehosting.googleapis.com/v1beta1/projects/-/sites/bright-fort/versions {"name":"projects/288029510960/sites/bright-fort/versions/1623277b2b8aa3b7","status":"CREATED","config":{},"labels":{"deployment-tool":"cli-firebase"}}
[info] i  hosting[bright-fort]: beginning deploy... 
[info] i  hosting[bright-fort]: found 12 files in build 
[debug] [2022-10-24T16:34:53.378Z] [hosting] uploading with 200 concurrency
[debug] [2022-10-24T16:34:53.382Z] [hosting] hash cache [YnVpbGQ] not populated
[debug] [2022-10-24T16:34:53.761Z] [hosting] hash cache [YnVpbGQ] stored for 12 files
[debug] [2022-10-24T16:34:53.762Z] [hosting][hash queue][FINAL] {"max":346,"min":33,"avg":66.33333333333333,"active":0,"complete":12,"success":12,"errored":0,"retried":0,"total":12,"elapsed":374}
[debug] [2022-10-24T16:34:53.763Z] >>> [apiv2][query] POST https://firebasehosting.googleapis.com/v1beta1/projects/288029510960/sites/bright-fort/versions/1623277b2b8aa3b7:populateFiles [none]
[debug] [2022-10-24T16:34:53.764Z] >>> [apiv2][body] POST https://firebasehosting.googleapis.com/v1beta1/projects/288029510960/sites/bright-fort/versions/1623277b2b8aa3b7:populateFiles {"files":{"/asset-manifest.json":"18e995c4fc5d6d2055b53c8b78f389a2801e992dee76e1059678bab734e5cbfc","/manifest.json":"d0f8f4de77fdcd929fee571a382d757511cc95b5ddb2d044a8df74ae74903486","/robots.txt":"bfe106a3fb878dc83461c86818bf74fc1bdc7f28538ba613cd3e775516ce8b49","/static/css/main.964fdded.css.map":"41d3900385654d69d780b3125854330edf2ca305bd97614a13deda22ce1d5e65","/static/css/main.964fdded.css":"0f5ba2a00723b22dd5663c6775a870c3f59ca269a224f8abbc834901b2ad5ee9","/favicon.ico":"eae62e993eb980ec8a25058c39d5a51feab118bd2100c4deebb2a9c158ec11f9","/static/js/787.050f945b.chunk.js":"5188c95835f457d3eb3467cf0c1dcc762eabc449046331abb88af15bba05c35e","/static/js/main.3b94e9a2.js.LICENSE.txt":"a1e10079e8155bc5525d13d0464e64acbd892cb93e51621cce5f31f1c4cc8fe3","/static/js/787.050f945b.chunk.js.map":"c99d5b46f73d51d523f314ea6db27e8fd6d5f329f6130fa789cb738bf3f4b4f8","/index.html":"1972add0c8f6e099fb722b3df7b20b44d58efc2a81c1d8010bcf21e63d742894","/static/js/main.3b94e9a2.js":"329edcbdaca0fa727d63c3b1ead68cac51d5dde844c75f8075b878cbfa3de14f","/static/js/main.3b94e9a2.js.map":"d55c7c4427875dddcbcc18ae92f399a66fda3988433666f983291cdaabc403b6"}}
[debug] [2022-10-24T16:34:55.434Z] <<< [apiv2][status] POST https://firebasehosting.googleapis.com/v1beta1/projects/288029510960/sites/bright-fort/versions/1623277b2b8aa3b7:populateFiles 200
[debug] [2022-10-24T16:34:55.434Z] <<< [apiv2][body] POST https://firebasehosting.googleapis.com/v1beta1/projects/288029510960/sites/bright-fort/versions/1623277b2b8aa3b7:populateFiles {"uploadRequiredHashes":["5188c95835f457d3eb3467cf0c1dcc762eabc449046331abb88af15bba05c35e","d55c7c4427875dddcbcc18ae92f399a66fda3988433666f983291cdaabc403b6","c99d5b46f73d51d523f314ea6db27e8fd6d5f329f6130fa789cb738bf3f4b4f8","1972add0c8f6e099fb722b3df7b20b44d58efc2a81c1d8010bcf21e63d742894","41d3900385654d69d780b3125854330edf2ca305bd97614a13deda22ce1d5e65","eae62e993eb980ec8a25058c39d5a51feab118bd2100c4deebb2a9c158ec11f9","18e995c4fc5d6d2055b53c8b78f389a2801e992dee76e1059678bab734e5cbfc","d0f8f4de77fdcd929fee571a382d757511cc95b5ddb2d044a8df74ae74903486","a1e10079e8155bc5525d13d0464e64acbd892cb93e51621cce5f31f1c4cc8fe3","0f5ba2a00723b22dd5663c6775a870c3f59ca269a224f8abbc834901b2ad5ee9","329edcbdaca0fa727d63c3b1ead68cac51d5dde844c75f8075b878cbfa3de14f","bfe106a3fb878dc83461c86818bf74fc1bdc7f28538ba613cd3e775516ce8b49"],"uploadUrl":"https://upload-firebasehosting.googleapis.com/upload/sites/bright-fort/versions/1623277b2b8aa3b7/files"}
[debug] [2022-10-24T16:34:55.444Z] >>> [apiv2][query] POST https://upload-firebasehosting.googleapis.com/upload/sites/bright-fort/versions/1623277b2b8aa3b7/files/5188c95835f457d3eb3467cf0c1dcc762eabc449046331abb88af15bba05c35e [none]
[debug] [2022-10-24T16:34:55.444Z] >>> [apiv2][body] POST https://upload-firebasehosting.googleapis.com/upload/sites/bright-fort/versions/1623277b2b8aa3b7/files/5188c95835f457d3eb3467cf0c1dcc762eabc449046331abb88af15bba05c35e [stream]
[debug] [2022-10-24T16:34:55.449Z] >>> [apiv2][query] POST https://upload-firebasehosting.googleapis.com/upload/sites/bright-fort/versions/1623277b2b8aa3b7/files/d55c7c4427875dddcbcc18ae92f399a66fda3988433666f983291cdaabc403b6 [none]
[debug] [2022-10-24T16:34:55.449Z] >>> [apiv2][body] POST https://upload-firebasehosting.googleapis.com/upload/sites/bright-fort/versions/1623277b2b8aa3b7/files/d55c7c4427875dddcbcc18ae92f399a66fda3988433666f983291cdaabc403b6 [stream]
[debug] [2022-10-24T16:34:55.453Z] >>> [apiv2][query] POST https://upload-firebasehosting.googleapis.com/upload/sites/bright-fort/versions/1623277b2b8aa3b7/files/c99d5b46f73d51d523f314ea6db27e8fd6d5f329f6130fa789cb738bf3f4b4f8 [none]
[debug] [2022-10-24T16:34:55.454Z] >>> [apiv2][body] POST https://upload-firebasehosting.googleapis.com/upload/sites/bright-fort/versions/1623277b2b8aa3b7/files/c99d5b46f73d51d523f314ea6db27e8fd6d5f329f6130fa789cb738bf3f4b4f8 [stream]
[debug] [2022-10-24T16:34:55.458Z] >>> [apiv2][query] POST https://upload-firebasehosting.googleapis.com/upload/sites/bright-fort/versions/1623277b2b8aa3b7/files/1972add0c8f6e099fb722b3df7b20b44d58efc2a81c1d8010bcf21e63d742894 [none]
[debug] [2022-10-24T16:34:55.458Z] >>> [apiv2][body] POST https://upload-firebasehosting.googleapis.com/upload/sites/bright-fort/versions/1623277b2b8aa3b7/files/1972add0c8f6e099fb722b3df7b20b44d58efc2a81c1d8010bcf21e63d742894 [stream]
[debug] [2022-10-24T16:34:55.462Z] >>> [apiv2][query] POST https://upload-firebasehosting.googleapis.com/upload/sites/bright-fort/versions/1623277b2b8aa3b7/files/41d3900385654d69d780b3125854330edf2ca305bd97614a13deda22ce1d5e65 [none]
[debug] [2022-10-24T16:34:55.462Z] >>> [apiv2][body] POST https://upload-firebasehosting.googleapis.com/upload/sites/bright-fort/versions/1623277b2b8aa3b7/files/41d3900385654d69d780b3125854330edf2ca305bd97614a13deda22ce1d5e65 [stream]
[debug] [2022-10-24T16:34:55.467Z] >>> [apiv2][query] POST https://upload-firebasehosting.googleapis.com/upload/sites/bright-fort/versions/1623277b2b8aa3b7/files/eae62e993eb980ec8a25058c39d5a51feab118bd2100c4deebb2a9c158ec11f9 [none]
[debug] [2022-10-24T16:34:55.467Z] >>> [apiv2][body] POST https://upload-firebasehosting.googleapis.com/upload/sites/bright-fort/versions/1623277b2b8aa3b7/files/eae62e993eb980ec8a25058c39d5a51feab118bd2100c4deebb2a9c158ec11f9 [stream]
[debug] [2022-10-24T16:34:55.472Z] >>> [apiv2][query] POST https://upload-firebasehosting.googleapis.com/upload/sites/bright-fort/versions/1623277b2b8aa3b7/files/18e995c4fc5d6d2055b53c8b78f389a2801e992dee76e1059678bab734e5cbfc [none]
[debug] [2022-10-24T16:34:55.472Z] >>> [apiv2][body] POST https://upload-firebasehosting.googleapis.com/upload/sites/bright-fort/versions/1623277b2b8aa3b7/files/18e995c4fc5d6d2055b53c8b78f389a2801e992dee76e1059678bab734e5cbfc [stream]
[debug] [2022-10-24T16:34:55.477Z] >>> [apiv2][query] POST https://upload-firebasehosting.googleapis.com/upload/sites/bright-fort/versions/1623277b2b8aa3b7/files/d0f8f4de77fdcd929fee571a382d757511cc95b5ddb2d044a8df74ae74903486 [none]
[debug] [2022-10-24T16:34:55.478Z] >>> [apiv2][body] POST https://upload-firebasehosting.googleapis.com/upload/sites/bright-fort/versions/1623277b2b8aa3b7/files/d0f8f4de77fdcd929fee571a382d757511cc95b5ddb2d044a8df74ae74903486 [stream]
[debug] [2022-10-24T16:34:55.483Z] >>> [apiv2][query] POST https://upload-firebasehosting.googleapis.com/upload/sites/bright-fort/versions/1623277b2b8aa3b7/files/a1e10079e8155bc5525d13d0464e64acbd892cb93e51621cce5f31f1c4cc8fe3 [none]
[debug] [2022-10-24T16:34:55.483Z] >>> [apiv2][body] POST https://upload-firebasehosting.googleapis.com/upload/sites/bright-fort/versions/1623277b2b8aa3b7/files/a1e10079e8155bc5525d13d0464e64acbd892cb93e51621cce5f31f1c4cc8fe3 [stream]
[debug] [2022-10-24T16:34:55.487Z] >>> [apiv2][query] POST https://upload-firebasehosting.googleapis.com/upload/sites/bright-fort/versions/1623277b2b8aa3b7/files/0f5ba2a00723b22dd5663c6775a870c3f59ca269a224f8abbc834901b2ad5ee9 [none]
[debug] [2022-10-24T16:34:55.488Z] >>> [apiv2][body] POST https://upload-firebasehosting.googleapis.com/upload/sites/bright-fort/versions/1623277b2b8aa3b7/files/0f5ba2a00723b22dd5663c6775a870c3f59ca269a224f8abbc834901b2ad5ee9 [stream]
[debug] [2022-10-24T16:34:55.492Z] >>> [apiv2][query] POST https://upload-firebasehosting.googleapis.com/upload/sites/bright-fort/versions/1623277b2b8aa3b7/files/329edcbdaca0fa727d63c3b1ead68cac51d5dde844c75f8075b878cbfa3de14f [none]
[debug] [2022-10-24T16:34:55.496Z] >>> [apiv2][body] POST https://upload-firebasehosting.googleapis.com/upload/sites/bright-fort/versions/1623277b2b8aa3b7/files/329edcbdaca0fa727d63c3b1ead68cac51d5dde844c75f8075b878cbfa3de14f [stream]
[debug] [2022-10-24T16:34:55.501Z] >>> [apiv2][query] POST https://upload-firebasehosting.googleapis.com/upload/sites/bright-fort/versions/1623277b2b8aa3b7/files/bfe106a3fb878dc83461c86818bf74fc1bdc7f28538ba613cd3e775516ce8b49 [none]
[debug] [2022-10-24T16:34:55.502Z] >>> [apiv2][body] POST https://upload-firebasehosting.googleapis.com/upload/sites/bright-fort/versions/1623277b2b8aa3b7/files/bfe106a3fb878dc83461c86818bf74fc1bdc7f28538ba613cd3e775516ce8b49 [stream]
[debug] [2022-10-24T16:34:55.506Z] [hosting][populate queue][FINAL] {"max":1690,"min":1690,"avg":1690,"active":0,"complete":1,"success":1,"errored":0,"retried":0,"total":1,"elapsed":1753}
[debug] [2022-10-24T16:34:55.506Z] [hosting] uploads queued: 12
[debug] [2022-10-24T16:34:57.354Z] <<< [apiv2][status] POST https://upload-firebasehosting.googleapis.com/upload/sites/bright-fort/versions/1623277b2b8aa3b7/files/bfe106a3fb878dc83461c86818bf74fc1bdc7f28538ba613cd3e775516ce8b49 200
[debug] [2022-10-24T16:34:57.355Z] <<< [apiv2][body] POST https://upload-firebasehosting.googleapis.com/upload/sites/bright-fort/versions/1623277b2b8aa3b7/files/bfe106a3fb878dc83461c86818bf74fc1bdc7f28538ba613cd3e775516ce8b49 [stream]
[debug] [2022-10-24T16:34:57.358Z] <<< [apiv2][status] POST https://upload-firebasehosting.googleapis.com/upload/sites/bright-fort/versions/1623277b2b8aa3b7/files/d0f8f4de77fdcd929fee571a382d757511cc95b5ddb2d044a8df74ae74903486 200
[debug] [2022-10-24T16:34:57.358Z] <<< [apiv2][body] POST https://upload-firebasehosting.googleapis.com/upload/sites/bright-fort/versions/1623277b2b8aa3b7/files/d0f8f4de77fdcd929fee571a382d757511cc95b5ddb2d044a8df74ae74903486 [stream]
[debug] [2022-10-24T16:34:57.360Z] <<< [apiv2][status] POST https://upload-firebasehosting.googleapis.com/upload/sites/bright-fort/versions/1623277b2b8aa3b7/files/0f5ba2a00723b22dd5663c6775a870c3f59ca269a224f8abbc834901b2ad5ee9 200
[debug] [2022-10-24T16:34:57.361Z] <<< [apiv2][body] POST https://upload-firebasehosting.googleapis.com/upload/sites/bright-fort/versions/1623277b2b8aa3b7/files/0f5ba2a00723b22dd5663c6775a870c3f59ca269a224f8abbc834901b2ad5ee9 [stream]
[debug] [2022-10-24T16:34:57.896Z] <<< [apiv2][status] POST https://upload-firebasehosting.googleapis.com/upload/sites/bright-fort/versions/1623277b2b8aa3b7/files/eae62e993eb980ec8a25058c39d5a51feab118bd2100c4deebb2a9c158ec11f9 200
[debug] [2022-10-24T16:34:57.896Z] <<< [apiv2][body] POST https://upload-firebasehosting.googleapis.com/upload/sites/bright-fort/versions/1623277b2b8aa3b7/files/eae62e993eb980ec8a25058c39d5a51feab118bd2100c4deebb2a9c158ec11f9 [stream]
[debug] [2022-10-24T16:34:57.956Z] <<< [apiv2][status] POST https://upload-firebasehosting.googleapis.com/upload/sites/bright-fort/versions/1623277b2b8aa3b7/files/41d3900385654d69d780b3125854330edf2ca305bd97614a13deda22ce1d5e65 200
[debug] [2022-10-24T16:34:57.956Z] <<< [apiv2][body] POST https://upload-firebasehosting.googleapis.com/upload/sites/bright-fort/versions/1623277b2b8aa3b7/files/41d3900385654d69d780b3125854330edf2ca305bd97614a13deda22ce1d5e65 [stream]
[debug] [2022-10-24T16:34:58.138Z] <<< [apiv2][status] POST https://upload-firebasehosting.googleapis.com/upload/sites/bright-fort/versions/1623277b2b8aa3b7/files/5188c95835f457d3eb3467cf0c1dcc762eabc449046331abb88af15bba05c35e 200
[debug] [2022-10-24T16:34:58.139Z] <<< [apiv2][body] POST https://upload-firebasehosting.googleapis.com/upload/sites/bright-fort/versions/1623277b2b8aa3b7/files/5188c95835f457d3eb3467cf0c1dcc762eabc449046331abb88af15bba05c35e [stream]
[debug] [2022-10-24T16:34:58.197Z] <<< [apiv2][status] POST https://upload-firebasehosting.googleapis.com/upload/sites/bright-fort/versions/1623277b2b8aa3b7/files/18e995c4fc5d6d2055b53c8b78f389a2801e992dee76e1059678bab734e5cbfc 200
[debug] [2022-10-24T16:34:58.198Z] <<< [apiv2][body] POST https://upload-firebasehosting.googleapis.com/upload/sites/bright-fort/versions/1623277b2b8aa3b7/files/18e995c4fc5d6d2055b53c8b78f389a2801e992dee76e1059678bab734e5cbfc [stream]
[debug] [2022-10-24T16:34:58.200Z] <<< [apiv2][status] POST https://upload-firebasehosting.googleapis.com/upload/sites/bright-fort/versions/1623277b2b8aa3b7/files/1972add0c8f6e099fb722b3df7b20b44d58efc2a81c1d8010bcf21e63d742894 200
[debug] [2022-10-24T16:34:58.200Z] <<< [apiv2][body] POST https://upload-firebasehosting.googleapis.com/upload/sites/bright-fort/versions/1623277b2b8aa3b7/files/1972add0c8f6e099fb722b3df7b20b44d58efc2a81c1d8010bcf21e63d742894 [stream]
[debug] [2022-10-24T16:34:58.679Z] <<< [apiv2][status] POST https://upload-firebasehosting.googleapis.com/upload/sites/bright-fort/versions/1623277b2b8aa3b7/files/d55c7c4427875dddcbcc18ae92f399a66fda3988433666f983291cdaabc403b6 200
[debug] [2022-10-24T16:34:58.679Z] <<< [apiv2][body] POST https://upload-firebasehosting.googleapis.com/upload/sites/bright-fort/versions/1623277b2b8aa3b7/files/d55c7c4427875dddcbcc18ae92f399a66fda3988433666f983291cdaabc403b6 [stream]
[debug] [2022-10-24T16:34:59.400Z] <<< [apiv2][status] POST https://upload-firebasehosting.googleapis.com/upload/sites/bright-fort/versions/1623277b2b8aa3b7/files/a1e10079e8155bc5525d13d0464e64acbd892cb93e51621cce5f31f1c4cc8fe3 200
[debug] [2022-10-24T16:34:59.400Z] <<< [apiv2][body] POST https://upload-firebasehosting.googleapis.com/upload/sites/bright-fort/versions/1623277b2b8aa3b7/files/a1e10079e8155bc5525d13d0464e64acbd892cb93e51621cce5f31f1c4cc8fe3 [stream]
[debug] [2022-10-24T16:34:59.520Z] <<< [apiv2][status] POST https://upload-firebasehosting.googleapis.com/upload/sites/bright-fort/versions/1623277b2b8aa3b7/files/329edcbdaca0fa727d63c3b1ead68cac51d5dde844c75f8075b878cbfa3de14f 200
[debug] [2022-10-24T16:34:59.520Z] <<< [apiv2][body] POST https://upload-firebasehosting.googleapis.com/upload/sites/bright-fort/versions/1623277b2b8aa3b7/files/329edcbdaca0fa727d63c3b1ead68cac51d5dde844c75f8075b878cbfa3de14f [stream]
[debug] [2022-10-24T16:35:13.058Z] <<< [apiv2][status] POST https://upload-firebasehosting.googleapis.com/upload/sites/bright-fort/versions/1623277b2b8aa3b7/files/c99d5b46f73d51d523f314ea6db27e8fd6d5f329f6130fa789cb738bf3f4b4f8 200
[debug] [2022-10-24T16:35:13.058Z] <<< [apiv2][body] POST https://upload-firebasehosting.googleapis.com/upload/sites/bright-fort/versions/1623277b2b8aa3b7/files/c99d5b46f73d51d523f314ea6db27e8fd6d5f329f6130fa789cb738bf3f4b4f8 [stream]
[debug] [2022-10-24T16:35:13.059Z] [hosting][upload queue][FINAL] {"max":17622,"min":1912,"avg":3987.5833333333335,"active":0,"complete":12,"success":12,"errored":0,"retried":0,"total":12,"elapsed":17624}
[info] +  hosting[bright-fort]: file upload complete 
[debug] [2022-10-24T16:35:13.063Z] [hosting] deploy completed after 19727ms
[debug] [2022-10-24T16:35:13.074Z] [
  {
    "config": {
      "public": "build",
      "ignore": [
        "firebase.json",
        "**/.*",
        "**/node_modules/**"
      ],
      "rewrites": [
        {
          "source": "**",
          "destination": "/index.html"
        }
      ],
      "site": "bright-fort"
    },
    "version": "projects/288029510960/sites/bright-fort/versions/1623277b2b8aa3b7"
  }
]
[info] i  hosting[bright-fort]: finalizing version... 
[debug] [2022-10-24T16:35:13.084Z] >>> [apiv2][query] PATCH https://firebasehosting.googleapis.com/v1beta1/projects/-/sites/bright-fort/versions/1623277b2b8aa3b7 updateMask=status%2Cconfig
[debug] [2022-10-24T16:35:13.085Z] >>> [apiv2][body] PATCH https://firebasehosting.googleapis.com/v1beta1/projects/-/sites/bright-fort/versions/1623277b2b8aa3b7 {"status":"FINALIZED","config":{"rewrites":[{"glob":"**","path":"/index.html"}]}}
[debug] [2022-10-24T16:35:14.757Z] <<< [apiv2][status] PATCH https://firebasehosting.googleapis.com/v1beta1/projects/-/sites/bright-fort/versions/1623277b2b8aa3b7 200
[debug] [2022-10-24T16:35:14.758Z] <<< [apiv2][body] PATCH https://firebasehosting.googleapis.com/v1beta1/projects/-/sites/bright-fort/versions/1623277b2b8aa3b7 {"name":"projects/288029510960/sites/bright-fort/versions/1623277b2b8aa3b7","status":"FINALIZED","config":{"rewrites":[{"glob":"**","path":"/index.html"}]},"labels":{"deployment-tool":"cli-firebase"},"createTime":"2022-10-24T16:34:52.742284Z","createUser":{"email":"ghsoyad@gmail.com"},"finalizeTime":"2022-10-24T16:35:14.368034Z","finalizeUser":{"email":"ghsoyad@gmail.com"}}
[debug] [2022-10-24T16:35:14.758Z] [hosting] finalized version for bright-fort:[object Object]
[info] +  hosting[bright-fort]: version finalized 
[info] i  hosting[bright-fort]: releasing new version... 
[debug] [2022-10-24T16:35:14.766Z] >>> [apiv2][query] POST https://firebasehosting.googleapis.com/v1beta1/projects/-/sites/bright-fort/channels/live/releases versionName=projects%2F288029510960%2Fsites%2Fbright-fort%2Fversions%2F1623277b2b8aa3b7
[debug] [2022-10-24T16:35:14.766Z] >>> [apiv2][body] POST https://firebasehosting.googleapis.com/v1beta1/projects/-/sites/bright-fort/channels/live/releases {}
[debug] [2022-10-24T16:35:16.088Z] <<< [apiv2][status] POST https://firebasehosting.googleapis.com/v1beta1/projects/-/sites/bright-fort/channels/live/releases 200
[debug] [2022-10-24T16:35:16.088Z] <<< [apiv2][body] POST https://firebasehosting.googleapis.com/v1beta1/projects/-/sites/bright-fort/channels/live/releases {"name":"projects/288029510960/sites/bright-fort/channels/live/releases/1666629315522164","version":{"name":"projects/288029510960/sites/bright-fort/versions/1623277b2b8aa3b7","status":"FINALIZED","config":{"rewrites":[{"glob":"**","path":"/index.html"}]},"labels":{"deployment-tool":"cli-firebase"},"createTime":"2022-10-24T16:34:52.742284Z","createUser":{"email":"ghsoyad@gmail.com","imageUrl":"https://lh3.googleusercontent.com/a/ALm5wu33_136v6jdcntI4QEi57OCoNNz0VC8XAf_xXER"},"finalizeTime":"2022-10-24T16:35:14.368034Z","finalizeUser":{"email":"ghsoyad@gmail.com","imageUrl":"https://lh3.googleusercontent.com/a/ALm5wu33_136v6jdcntI4QEi57OCoNNz0VC8XAf_xXER"}},"type":"DEPLOY","releaseTime":"2022-10-24T16:35:15.522164937Z","releaseUser":{"email":"ghsoyad@gmail.com","imageUrl":"https://lh3.googleusercontent.com/a/ALm5wu33_136v6jdcntI4QEi57OCoNNz0VC8XAf_xXER"}}
[debug] [2022-10-24T16:35:16.089Z] [hosting] release: {"name":"projects/288029510960/sites/bright-fort/channels/live/releases/1666629315522164","version":{"name":"projects/288029510960/sites/bright-fort/versions/1623277b2b8aa3b7","status":"FINALIZED","config":{"rewrites":[{"glob":"**","path":"/index.html"}]},"labels":{"deployment-tool":"cli-firebase"},"createTime":"2022-10-24T16:34:52.742284Z","createUser":{"email":"ghsoyad@gmail.com","imageUrl":"https://lh3.googleusercontent.com/a/ALm5wu33_136v6jdcntI4QEi57OCoNNz0VC8XAf_xXER"},"finalizeTime":"2022-10-24T16:35:14.368034Z","finalizeUser":{"email":"ghsoyad@gmail.com","imageUrl":"https://lh3.googleusercontent.com/a/ALm5wu33_136v6jdcntI4QEi57OCoNNz0VC8XAf_xXER"}},"type":"DEPLOY","releaseTime":"2022-10-24T16:35:15.522164937Z","releaseUser":{"email":"ghsoyad@gmail.com","imageUrl":"https://lh3.googleusercontent.com/a/ALm5wu33_136v6jdcntI4QEi57OCoNNz0VC8XAf_xXER"}}
[info] +  hosting[bright-fort]: release complete 
[info] 
[info] +  Deploy complete! 
[info] 
[info] Project Console: https://console.firebase.google.com/project/bright-fort/overview
[info] Hosting URL: https://bright-fort.web.app
[debug] [2022-10-24T16:35:22.329Z] Error: Timed out.
    at Timeout._onTimeout (C:\Users\golam\AppData\Roaming\npm\node_modules\firebase-tools\lib\utils.js:253:49)
    at listOnTimeout (node:internal/timers:564:17)
    at process.processTimers (node:internal/timers:507:7)
[error] 
[error] Error: An unexpected error has occurred.
